Determining size of off64_t failed with the following output:
Change Dir: D:/Dev/Source/ZDW/CMakeFiles/CMakeTmp

Run Build Command:"C:/Program Files (x86)/MSBuild/14.0/bin/MSBuild.exe" "cmTC_8f6b7.vcxproj" "/p:Configuration=Debug" "/p:VisualStudioVersion=14.0"
Microsoft (R) Build Engine version 14.0.25123.0
Copyright (C) Microsoft Corporation. All rights reserved.

Build started 5/20/2016 3:32:10 PM.
Project "D:\Dev\Source\ZDW\CMakeFiles\CMakeTmp\cmTC_8f6b7.vcxproj" on node 1 (default targets).
PrepareForBuild:
  Creating directory "cmTC_8f6b7.dir\Debug\".
  Creating directory "D:\Dev\Source\ZDW\CMakeFiles\CMakeTmp\Debug\".
  Creating directory "cmTC_8f6b7.dir\Debug\cmTC_8f6b7.tlog\".
InitializeBuildStatus:
  Creating "cmTC_8f6b7.dir\Debug\cmTC_8f6b7.tlog\unsuccessfulbuild" because "AlwaysCreate" was specified.
ClCompile:
  D:\Dev\Visual Studio\VC\bin\CL.exe /c /Zi /W3 /WX- /Od /Ob0 /Oy- /D WIN32 /D _WINDOWS /D _DEBUG /D _LARGEFILE64_SOURCE=1 /D HAVE_SYS_TYPES_H /D HAVE_STDINT_H /D HAVE_STDDEF_H /D "CMAKE_INTDIR=\"Debug\"" /D _USING_V110_SDK71_ /D _MBCS /GF /Gm- /RTC1 /MDd /GS /Gy /arch:IA32 /fp:fast /Zc:wchar_t /Zc:forScope /Zc:inline /GR- /Fo"cmTC_8f6b7.dir\Debug\\" /Fd"cmTC_8f6b7.dir\Debug\vc140.pdb" /Gd /TC /wd4996 /analyze- /errorReport:queue D:\Dev\Source\ZDW\CMakeFiles\CheckTypeSize\OFF64_T.c
  Microsoft (R) C/C++ Optimizing Compiler Version 19.00.23918 for x86
  Copyright (C) Microsoft Corporation.  All rights reserved.
  
  cl /c /Zi /W3 /WX- /Od /Ob0 /Oy- /D WIN32 /D _WINDOWS /D _DEBUG /D _LARGEFILE64_SOURCE=1 /D HAVE_SYS_TYPES_H /D HAVE_STDINT_H /D HAVE_STDDEF_H /D "CMAKE_INTDIR=\"Debug\"" /D _USING_V110_SDK71_ /D _MBCS /GF /Gm- /RTC1 /MDd /GS /Gy /arch:IA32 /fp:fast /Zc:wchar_t /Zc:forScope /Zc:inline /GR- /Fo"cmTC_8f6b7.dir\Debug\\" /Fd"cmTC_8f6b7.dir\Debug\vc140.pdb" /Gd /TC /wd4996 /analyze- /errorReport:queue D:\Dev\Source\ZDW\CMakeFiles\CheckTypeSize\OFF64_T.c
  OFF64_T.c
  
D:\Dev\Source\ZDW\CMakeFiles\CheckTypeSize\OFF64_T.c(19): error C2065: 'off64_t': undeclared identifier [D:\Dev\Source\ZDW\CMakeFiles\CMakeTmp\cmTC_8f6b7.vcxproj]
D:\Dev\Source\ZDW\CMakeFiles\CheckTypeSize\OFF64_T.c(20): error C2065: 'off64_t': undeclared identifier [D:\Dev\Source\ZDW\CMakeFiles\CMakeTmp\cmTC_8f6b7.vcxproj]
D:\Dev\Source\ZDW\CMakeFiles\CheckTypeSize\OFF64_T.c(21): error C2065: 'off64_t': undeclared identifier [D:\Dev\Source\ZDW\CMakeFiles\CMakeTmp\cmTC_8f6b7.vcxproj]
D:\Dev\Source\ZDW\CMakeFiles\CheckTypeSize\OFF64_T.c(22): error C2065: 'off64_t': undeclared identifier [D:\Dev\Source\ZDW\CMakeFiles\CMakeTmp\cmTC_8f6b7.vcxproj]
D:\Dev\Source\ZDW\CMakeFiles\CheckTypeSize\OFF64_T.c(23): error C2065: 'off64_t': undeclared identifier [D:\Dev\Source\ZDW\CMakeFiles\CMakeTmp\cmTC_8f6b7.vcxproj]
Done Building Project "D:\Dev\Source\ZDW\CMakeFiles\CMakeTmp\cmTC_8f6b7.vcxproj" (default targets) -- FAILED.

Build FAILED.

"D:\Dev\Source\ZDW\CMakeFiles\CMakeTmp\cmTC_8f6b7.vcxproj" (default target) (1) ->
(ClCompile target) -> 
  D:\Dev\Source\ZDW\CMakeFiles\CheckTypeSize\OFF64_T.c(19): error C2065: 'off64_t': undeclared identifier [D:\Dev\Source\ZDW\CMakeFiles\CMakeTmp\cmTC_8f6b7.vcxproj]
  D:\Dev\Source\ZDW\CMakeFiles\CheckTypeSize\OFF64_T.c(20): error C2065: 'off64_t': undeclared identifier [D:\Dev\Source\ZDW\CMakeFiles\CMakeTmp\cmTC_8f6b7.vcxproj]
  D:\Dev\Source\ZDW\CMakeFiles\CheckTypeSize\OFF64_T.c(21): error C2065: 'off64_t': undeclared identifier [D:\Dev\Source\ZDW\CMakeFiles\CMakeTmp\cmTC_8f6b7.vcxproj]
  D:\Dev\Source\ZDW\CMakeFiles\CheckTypeSize\OFF64_T.c(22): error C2065: 'off64_t': undeclared identifier [D:\Dev\Source\ZDW\CMakeFiles\CMakeTmp\cmTC_8f6b7.vcxproj]
  D:\Dev\Source\ZDW\CMakeFiles\CheckTypeSize\OFF64_T.c(23): error C2065: 'off64_t': undeclared identifier [D:\Dev\Source\ZDW\CMakeFiles\CMakeTmp\cmTC_8f6b7.vcxproj]

    0 Warning(s)
    5 Error(s)

Time Elapsed 00:00:00.65

D:/Dev/Source/ZDW/CMakeFiles/CheckTypeSize/OFF64_T.c:
#include <sys/types.h>
#include <stdint.h>
#include <stddef.h>


#undef KEY
#if defined(__i386)
# define KEY '_','_','i','3','8','6'
#elif defined(__x86_64)
# define KEY '_','_','x','8','6','_','6','4'
#elif defined(__ppc__)
# define KEY '_','_','p','p','c','_','_'
#elif defined(__ppc64__)
# define KEY '_','_','p','p','c','6','4','_','_'
#endif

#define SIZE (sizeof(off64_t))
char info_size[] =  {'I', 'N', 'F', 'O', ':', 's','i','z','e','[',
  ('0' + ((SIZE / 10000)%10)),
  ('0' + ((SIZE / 1000)%10)),
  ('0' + ((SIZE / 100)%10)),
  ('0' + ((SIZE / 10)%10)),
  ('0' +  (SIZE    % 10)),
  ']',
#ifdef KEY
  ' ','k','e','y','[', KEY, ']',
#endif
  '\0'};

#ifdef __CLASSIC_C__
int main(argc, argv) int argc; char *argv[];
#else
int main(int argc, char *argv[])
#endif
{
  int require = 0;
  require += info_size[argc];
  (void)argv;
  return require;
}


Determining if the function fseeko exists failed with the following output:
Change Dir: D:/Dev/Source/ZDW/CMakeFiles/CMakeTmp

Run Build Command:"C:/Program Files (x86)/MSBuild/14.0/bin/MSBuild.exe" "cmTC_5b8da.vcxproj" "/p:Configuration=Debug" "/p:VisualStudioVersion=14.0"
Microsoft (R) Build Engine version 14.0.25123.0
Copyright (C) Microsoft Corporation. All rights reserved.

Build started 5/20/2016 3:32:11 PM.
Project "D:\Dev\Source\ZDW\CMakeFiles\CMakeTmp\cmTC_5b8da.vcxproj" on node 1 (default targets).
PrepareForBuild:
  Creating directory "cmTC_5b8da.dir\Debug\".
  Creating directory "D:\Dev\Source\ZDW\CMakeFiles\CMakeTmp\Debug\".
  Creating directory "cmTC_5b8da.dir\Debug\cmTC_5b8da.tlog\".
InitializeBuildStatus:
  Creating "cmTC_5b8da.dir\Debug\cmTC_5b8da.tlog\unsuccessfulbuild" because "AlwaysCreate" was specified.
ClCompile:
  D:\Dev\Visual Studio\VC\bin\CL.exe /c /Zi /W3 /WX- /Od /Ob0 /Oy- /D WIN32 /D _WINDOWS /D CHECK_FUNCTION_EXISTS=fseeko /D _DEBUG /D "CMAKE_INTDIR=\"Debug\"" /D _USING_V110_SDK71_ /D _MBCS /GF /Gm- /RTC1 /MDd /GS /Gy /arch:IA32 /fp:fast /Zc:wchar_t /Zc:forScope /Zc:inline /GR- /Fo"cmTC_5b8da.dir\Debug\\" /Fd"cmTC_5b8da.dir\Debug\vc140.pdb" /Gd /TC /wd4996 /analyze- /errorReport:queue "D:\Dev\Cmake\share\cmake-3.5\Modules\CheckFunctionExists.c"
  Microsoft (R) C/C++ Optimizing Compiler Version 19.00.23918 for x86
  Copyright (C) Microsoft Corporation.  All rights reserved.
  
  cl /c /Zi /W3 /WX- /Od /Ob0 /Oy- /D WIN32 /D _WINDOWS /D CHECK_FUNCTION_EXISTS=fseeko /D _DEBUG /D "CMAKE_INTDIR=\"Debug\"" /D _USING_V110_SDK71_ /D _MBCS /GF /Gm- /RTC1 /MDd /GS /Gy /arch:IA32 /fp:fast /Zc:wchar_t /Zc:forScope /Zc:inline /GR- /Fo"cmTC_5b8da.dir\Debug\\" /Fd"cmTC_5b8da.dir\Debug\vc140.pdb" /Gd /TC /wd4996 /analyze- /errorReport:queue "D:\Dev\Cmake\share\cmake-3.5\Modules\CheckFunctionExists.c"
  CheckFunctionExists.c
  
Link:
  D:\Dev\Visual Studio\VC\bin\link.exe /ERRORREPORT:QUEUE /OUT:"D:\Dev\Source\ZDW\CMakeFiles\CMakeTmp\Debug\cmTC_5b8da.exe" /INCREMENTAL /NOLOGO kernel32.lib user32.lib gdi32.lib winspool.lib shell32.lib ole32.lib oleaut32.lib uuid.lib comdlg32.lib advapi32.lib /MANIFEST /MANIFESTUAC:"level='asInvoker' uiAccess='false'" /manifest:embed /DEBUG /PDB:"D:/Dev/Source/ZDW/CMakeFiles/CMakeTmp/Debug/cmTC_5b8da.pdb" /SUBSYSTEM:CONSOLE,"5.01" /TLBID:1 /DYNAMICBASE /NXCOMPAT /IMPLIB:"D:/Dev/Source/ZDW/CMakeFiles/CMakeTmp/Debug/cmTC_5b8da.lib" /MACHINE:X86 /SAFESEH  /machine:X86 cmTC_5b8da.dir\Debug\CheckFunctionExists.obj
CheckFunctionExists.obj : error LNK2019: unresolved external symbol _fseeko referenced in function _main [D:\Dev\Source\ZDW\CMakeFiles\CMakeTmp\cmTC_5b8da.vcxproj]
D:\Dev\Source\ZDW\CMakeFiles\CMakeTmp\Debug\cmTC_5b8da.exe : fatal error LNK1120: 1 unresolved externals [D:\Dev\Source\ZDW\CMakeFiles\CMakeTmp\cmTC_5b8da.vcxproj]
Done Building Project "D:\Dev\Source\ZDW\CMakeFiles\CMakeTmp\cmTC_5b8da.vcxproj" (default targets) -- FAILED.

Build FAILED.

"D:\Dev\Source\ZDW\CMakeFiles\CMakeTmp\cmTC_5b8da.vcxproj" (default target) (1) ->
(Link target) -> 
  CheckFunctionExists.obj : error LNK2019: unresolved external symbol _fseeko referenced in function _main [D:\Dev\Source\ZDW\CMakeFiles\CMakeTmp\cmTC_5b8da.vcxproj]
  D:\Dev\Source\ZDW\CMakeFiles\CMakeTmp\Debug\cmTC_5b8da.exe : fatal error LNK1120: 1 unresolved externals [D:\Dev\Source\ZDW\CMakeFiles\CMakeTmp\cmTC_5b8da.vcxproj]

    0 Warning(s)
    2 Error(s)

Time Elapsed 00:00:00.80


Determining if the include file unistd.h exists failed with the following output:
Change Dir: D:/Dev/Source/ZDW/CMakeFiles/CMakeTmp

Run Build Command:"C:/Program Files (x86)/MSBuild/14.0/bin/MSBuild.exe" "cmTC_d352a.vcxproj" "/p:Configuration=Debug" "/p:VisualStudioVersion=14.0"
Microsoft (R) Build Engine version 14.0.25123.0
Copyright (C) Microsoft Corporation. All rights reserved.

Build started 5/20/2016 3:32:12 PM.
Project "D:\Dev\Source\ZDW\CMakeFiles\CMakeTmp\cmTC_d352a.vcxproj" on node 1 (default targets).
PrepareForBuild:
  Creating directory "cmTC_d352a.dir\Debug\".
  Creating directory "D:\Dev\Source\ZDW\CMakeFiles\CMakeTmp\Debug\".
  Creating directory "cmTC_d352a.dir\Debug\cmTC_d352a.tlog\".
InitializeBuildStatus:
  Creating "cmTC_d352a.dir\Debug\cmTC_d352a.tlog\unsuccessfulbuild" because "AlwaysCreate" was specified.
ClCompile:
  D:\Dev\Visual Studio\VC\bin\CL.exe /c /Zi /W3 /WX- /Od /Ob0 /Oy- /D WIN32 /D _WINDOWS /D _DEBUG /D "CMAKE_INTDIR=\"Debug\"" /D _USING_V110_SDK71_ /D _MBCS /GF /Gm- /RTC1 /MDd /GS /Gy /arch:IA32 /fp:fast /Zc:wchar_t /Zc:forScope /Zc:inline /GR- /Fo"cmTC_d352a.dir\Debug\\" /Fd"cmTC_d352a.dir\Debug\vc140.pdb" /Gd /TC /wd4996 /analyze- /errorReport:queue D:\Dev\Source\ZDW\CMakeFiles\CMakeTmp\CheckIncludeFile.c
  Microsoft (R) C/C++ Optimizing Compiler Version 19.00.23918 for x86
  Copyright (C) Microsoft Corporation.  All rights reserved.
  
  cl /c /Zi /W3 /WX- /Od /Ob0 /Oy- /D WIN32 /D _WINDOWS /D _DEBUG /D "CMAKE_INTDIR=\"Debug\"" /D _USING_V110_SDK71_ /D _MBCS /GF /Gm- /RTC1 /MDd /GS /Gy /arch:IA32 /fp:fast /Zc:wchar_t /Zc:forScope /Zc:inline /GR- /Fo"cmTC_d352a.dir\Debug\\" /Fd"cmTC_d352a.dir\Debug\vc140.pdb" /Gd /TC /wd4996 /analyze- /errorReport:queue D:\Dev\Source\ZDW\CMakeFiles\CMakeTmp\CheckIncludeFile.c
  CheckIncludeFile.c
  
D:\Dev\Source\ZDW\CMakeFiles\CMakeTmp\CheckIncludeFile.c(1): fatal error C1083: Cannot open include file: 'unistd.h': No such file or directory [D:\Dev\Source\ZDW\CMakeFiles\CMakeTmp\cmTC_d352a.vcxproj]
Done Building Project "D:\Dev\Source\ZDW\CMakeFiles\CMakeTmp\cmTC_d352a.vcxproj" (default targets) -- FAILED.

Build FAILED.

"D:\Dev\Source\ZDW\CMakeFiles\CMakeTmp\cmTC_d352a.vcxproj" (default target) (1) ->
(ClCompile target) -> 
  D:\Dev\Source\ZDW\CMakeFiles\CMakeTmp\CheckIncludeFile.c(1): fatal error C1083: Cannot open include file: 'unistd.h': No such file or directory [D:\Dev\Source\ZDW\CMakeFiles\CMakeTmp\cmTC_d352a.vcxproj]

    0 Warning(s)
    1 Error(s)

Time Elapsed 00:00:00.67


Determining if the function strndup exists failed with the following output:
Change Dir: D:/Dev/Source/ZDW/CMakeFiles/CMakeTmp

Run Build Command:"C:/Program Files (x86)/MSBuild/14.0/bin/MSBuild.exe" "cmTC_9099c.vcxproj" "/p:Configuration=Debug" "/p:VisualStudioVersion=14.0"
Microsoft (R) Build Engine version 14.0.25123.0
Copyright (C) Microsoft Corporation. All rights reserved.

Build started 5/20/2016 3:32:14 PM.
Project "D:\Dev\Source\ZDW\CMakeFiles\CMakeTmp\cmTC_9099c.vcxproj" on node 1 (default targets).
PrepareForBuild:
  Creating directory "cmTC_9099c.dir\Debug\".
  Creating directory "D:\Dev\Source\ZDW\CMakeFiles\CMakeTmp\Debug\".
  Creating directory "cmTC_9099c.dir\Debug\cmTC_9099c.tlog\".
InitializeBuildStatus:
  Creating "cmTC_9099c.dir\Debug\cmTC_9099c.tlog\unsuccessfulbuild" because "AlwaysCreate" was specified.
ClCompile:
  D:\Dev\Visual Studio\VC\bin\CL.exe /c /Zi /W3 /WX- /Od /Ob0 /Oy- /D WIN32 /D _WINDOWS /D CHECK_FUNCTION_EXISTS=strndup /D _DEBUG /D "CMAKE_INTDIR=\"Debug\"" /D _USING_V110_SDK71_ /D _MBCS /GF /Gm- /RTC1 /MDd /GS /Gy /arch:IA32 /fp:fast /Zc:wchar_t /Zc:forScope /Zc:inline /GR- /Fo"cmTC_9099c.dir\Debug\\" /Fd"cmTC_9099c.dir\Debug\vc140.pdb" /Gd /TC /wd4996 /analyze- /errorReport:queue "D:\Dev\Cmake\share\cmake-3.5\Modules\CheckFunctionExists.c"
  Microsoft (R) C/C++ Optimizing Compiler Version 19.00.23918 for x86
  Copyright (C) Microsoft Corporation.  All rights reserved.
  
  cl /c /Zi /W3 /WX- /Od /Ob0 /Oy- /D WIN32 /D _WINDOWS /D CHECK_FUNCTION_EXISTS=strndup /D _DEBUG /D "CMAKE_INTDIR=\"Debug\"" /D _USING_V110_SDK71_ /D _MBCS /GF /Gm- /RTC1 /MDd /GS /Gy /arch:IA32 /fp:fast /Zc:wchar_t /Zc:forScope /Zc:inline /GR- /Fo"cmTC_9099c.dir\Debug\\" /Fd"cmTC_9099c.dir\Debug\vc140.pdb" /Gd /TC /wd4996 /analyze- /errorReport:queue "D:\Dev\Cmake\share\cmake-3.5\Modules\CheckFunctionExists.c"
  
  CheckFunctionExists.c
Link:
  D:\Dev\Visual Studio\VC\bin\link.exe /ERRORREPORT:QUEUE /OUT:"D:\Dev\Source\ZDW\CMakeFiles\CMakeTmp\Debug\cmTC_9099c.exe" /INCREMENTAL /NOLOGO kernel32.lib user32.lib gdi32.lib winspool.lib shell32.lib ole32.lib oleaut32.lib uuid.lib comdlg32.lib advapi32.lib /MANIFEST /MANIFESTUAC:"level='asInvoker' uiAccess='false'" /manifest:embed /DEBUG /PDB:"D:/Dev/Source/ZDW/CMakeFiles/CMakeTmp/Debug/cmTC_9099c.pdb" /SUBSYSTEM:CONSOLE,"5.01" /TLBID:1 /DYNAMICBASE /NXCOMPAT /IMPLIB:"D:/Dev/Source/ZDW/CMakeFiles/CMakeTmp/Debug/cmTC_9099c.lib" /MACHINE:X86 /SAFESEH  /machine:X86 cmTC_9099c.dir\Debug\CheckFunctionExists.obj
CheckFunctionExists.obj : error LNK2019: unresolved external symbol _strndup referenced in function _main [D:\Dev\Source\ZDW\CMakeFiles\CMakeTmp\cmTC_9099c.vcxproj]
D:\Dev\Source\ZDW\CMakeFiles\CMakeTmp\Debug\cmTC_9099c.exe : fatal error LNK1120: 1 unresolved externals [D:\Dev\Source\ZDW\CMakeFiles\CMakeTmp\cmTC_9099c.vcxproj]
Done Building Project "D:\Dev\Source\ZDW\CMakeFiles\CMakeTmp\cmTC_9099c.vcxproj" (default targets) -- FAILED.

Build FAILED.

"D:\Dev\Source\ZDW\CMakeFiles\CMakeTmp\cmTC_9099c.vcxproj" (default target) (1) ->
(Link target) -> 
  CheckFunctionExists.obj : error LNK2019: unresolved external symbol _strndup referenced in function _main [D:\Dev\Source\ZDW\CMakeFiles\CMakeTmp\cmTC_9099c.vcxproj]
  D:\Dev\Source\ZDW\CMakeFiles\CMakeTmp\Debug\cmTC_9099c.exe : fatal error LNK1120: 1 unresolved externals [D:\Dev\Source\ZDW\CMakeFiles\CMakeTmp\cmTC_9099c.vcxproj]

    0 Warning(s)
    2 Error(s)

Time Elapsed 00:00:00.79


Performing C++ SOURCE FILE Test CAN_DO_MFPMATH failed with the following output:
Change Dir: D:/Dev/Source/ZDW/CMakeFiles/CMakeTmp

Run Build Command:"C:/Program Files (x86)/MSBuild/14.0/bin/MSBuild.exe" "cmTC_47c74.vcxproj" "/p:Configuration=Debug" "/p:VisualStudioVersion=14.0"
Microsoft (R) Build Engine version 14.0.25123.0
Copyright (C) Microsoft Corporation. All rights reserved.

Build started 5/20/2016 3:32:21 PM.
Project "D:\Dev\Source\ZDW\CMakeFiles\CMakeTmp\cmTC_47c74.vcxproj" on node 1 (default targets).
PrepareForBuild:
  Creating directory "cmTC_47c74.dir\Debug\".
  Creating directory "D:\Dev\Source\ZDW\CMakeFiles\CMakeTmp\Debug\".
  Creating directory "cmTC_47c74.dir\Debug\cmTC_47c74.tlog\".
InitializeBuildStatus:
  Creating "cmTC_47c74.dir\Debug\cmTC_47c74.tlog\unsuccessfulbuild" because "AlwaysCreate" was specified.
ClCompile:
  D:\Dev\Visual Studio\VC\bin\CL.exe /c /Zi /W3 /WX- /Od /Ob0 /Oy- /D WIN32 /D _WINDOWS /D CAN_DO_MFPMATH /D _DEBUG /D "CMAKE_INTDIR=\"Debug\"" /D _USING_V110_SDK71_ /D _MBCS /GF /Gm- /EHsc /RTC1 /MDd /GS /Gy /arch:IA32 /fp:fast /Zc:wchar_t /Zc:forScope /Zc:inline /GR- /Fo"cmTC_47c74.dir\Debug\\" /Fd"cmTC_47c74.dir\Debug\vc140.pdb" /Gd /TP /wd4996 /analyze- /errorReport:queue  -msse2 -mfpmath=sse D:\Dev\Source\ZDW\CMakeFiles\CMakeTmp\src.cxx
  Microsoft (R) C/C++ Optimizing Compiler Version 19.00.23918 for x86
  Copyright (C) Microsoft Corporation.  All rights reserved.
  
  cl /c /Zi /W3 /WX- /Od /Ob0 /Oy- /D WIN32 /D _WINDOWS /D CAN_DO_MFPMATH /D _DEBUG /D "CMAKE_INTDIR=\"Debug\"" /D _USING_V110_SDK71_ /D _MBCS /GF /Gm- /EHsc /RTC1 /MDd /GS /Gy /arch:IA32 /fp:fast /Zc:wchar_t /Zc:forScope /Zc:inline /GR- /Fo"cmTC_47c74.dir\Debug\\" /Fd"cmTC_47c74.dir\Debug\vc140.pdb" /Gd /TP /wd4996 /analyze- /errorReport:queue  -msse2 -mfpmath=sse D:\Dev\Source\ZDW\CMakeFiles\CMakeTmp\src.cxx
  src.cxx
  
cl : Command line warning D9002: ignoring unknown option '-msse2' [D:\Dev\Source\ZDW\CMakeFiles\CMakeTmp\cmTC_47c74.vcxproj]
cl : Command line warning D9002: ignoring unknown option '-mfpmath=sse' [D:\Dev\Source\ZDW\CMakeFiles\CMakeTmp\cmTC_47c74.vcxproj]
Link:
  D:\Dev\Visual Studio\VC\bin\link.exe /ERRORREPORT:QUEUE /OUT:"D:\Dev\Source\ZDW\CMakeFiles\CMakeTmp\Debug\cmTC_47c74.exe" /INCREMENTAL /NOLOGO kernel32.lib user32.lib gdi32.lib winspool.lib shell32.lib ole32.lib oleaut32.lib uuid.lib comdlg32.lib advapi32.lib /MANIFEST /MANIFESTUAC:"level='asInvoker' uiAccess='false'" /manifest:embed /DEBUG /PDB:"D:/Dev/Source/ZDW/CMakeFiles/CMakeTmp/Debug/cmTC_47c74.pdb" /SUBSYSTEM:CONSOLE,"5.01" /TLBID:1 /DYNAMICBASE /NXCOMPAT /IMPLIB:"D:/Dev/Source/ZDW/CMakeFiles/CMakeTmp/Debug/cmTC_47c74.lib" /MACHINE:X86 /SAFESEH  /machine:X86 cmTC_47c74.dir\Debug\src.obj
  cmTC_47c74.vcxproj -> D:\Dev\Source\ZDW\CMakeFiles\CMakeTmp\Debug\cmTC_47c74.exe
  cmTC_47c74.vcxproj -> D:/Dev/Source/ZDW/CMakeFiles/CMakeTmp/Debug/cmTC_47c74.pdb (Full PDB)
FinalizeBuildStatus:
  Deleting file "cmTC_47c74.dir\Debug\cmTC_47c74.tlog\unsuccessfulbuild".
  Touching "cmTC_47c74.dir\Debug\cmTC_47c74.tlog\cmTC_47c74.lastbuildstate".
Done Building Project "D:\Dev\Source\ZDW\CMakeFiles\CMakeTmp\cmTC_47c74.vcxproj" (default targets).

Build succeeded.

"D:\Dev\Source\ZDW\CMakeFiles\CMakeTmp\cmTC_47c74.vcxproj" (default target) (1) ->
(ClCompile target) -> 
  cl : Command line warning D9002: ignoring unknown option '-msse2' [D:\Dev\Source\ZDW\CMakeFiles\CMakeTmp\cmTC_47c74.vcxproj]
  cl : Command line warning D9002: ignoring unknown option '-mfpmath=sse' [D:\Dev\Source\ZDW\CMakeFiles\CMakeTmp\cmTC_47c74.vcxproj]

    2 Warning(s)
    0 Error(s)

Time Elapsed 00:00:00.90

Source file was:
int main() { return 0; }
